<?xml version="1.0" encoding="UTF-8"?>
<!-- Generated by org.testng.reporters.JUnitXMLReporter -->
<testsuite ignored="0" hostname="aitslpt-Kumud" failures="0" tests="3" name="Default test" time="4.638" errors="0" timestamp="2020-06-21T22:47:47 NPT">
  <testcase classname="services.ListUsers" name="testListUserWithValidPageNumber" time="2.865"/>
  <testcase classname="services.ListUsers" name="testListUserWithInvalidPageNumber" time="0.291"/>
  <testcase classname="services.ListUsers" name="testListUserPageNumberAsInvalidInteger" time="0.264"/>
</testsuite> <!-- Default test -->
