<?xml version="1.0" encoding="UTF-8"?>
<!-- Generated by org.testng.reporters.JUnitXMLReporter -->
<testsuite ignored="0" hostname="aitslpt-Kumud" failures="1" tests="4" name="ListUsers" time="6.497" errors="0" timestamp="2020-09-30T13:34:25 NPT">
  <testcase classname="services.ListUsers" name="testListUserWithValidPageNumber" time="3.406"/>
  <testcase classname="services.ListUsers" name="testListUserWithInvalidPageNumber" time="1.288"/>
  <testcase classname="services.ListUsers" name="testListUserPageNumberAsInvalidInteger" time="0.641"/>
  <testcase classname="services.ListUser2" name="testListUserWithValidPageNumber" time="0.002">
    <failure type="java.lang.NullPointerException">
      <![CDATA[java.lang.NullPointerException
at services.ListUser2.testListUserWithValidPageNumber(ListUser2.java:11)
at java.base/java.util.ArrayList.forEach(ArrayList.java:1510)
... Removed 30 stack frames]]>
    </failure>
  </testcase> <!-- testListUserWithValidPageNumber -->
</testsuite> <!-- ListUsers -->
