<?xml version="1.0" encoding="UTF-8"?>
<!-- Generated by org.testng.reporters.JUnitXMLReporter -->
<testsuite ignored="1" hostname="aitslpt-Kumud" failures="0" tests="2" name="ListUsers" time="3.119" errors="0" timestamp="2020-06-18T23:44:08 NPT">
  <testcase classname="services.ListUsers" name="testListUserWithValidPageNumber" time="1.444"/>
  <testcase classname="services.ListUser2" name="testListUserWithValidPageNumber" time="0.064"/>
  <testcase classname="services.BaseRequest" name="@AfterTest removeUnnecessaryFiles" time="0.0">
    <ignored/>
  </testcase> <!-- @AfterTest removeUnnecessaryFiles -->
</testsuite> <!-- ListUsers -->
