<?xml version="1.0" encoding="UTF-8"?>
<testng-results ignored="1" total="3" passed="2" failed="0" skipped="0">
  <reporter-output>
  </reporter-output>
  <suite started-at="2020-06-18T23:44:05 NPT" name="Rest-Assured TestNG Tests" finished-at="2020-06-18T23:44:08 NPT" duration-ms="3119">
    <groups>
    </groups>
    <test started-at="2020-06-18T23:44:05 NPT" name="ListUsers" finished-at="2020-06-18T23:44:08 NPT" duration-ms="3119">
      <class name="services.ListUsers">
        <test-method is-config="true" signature="setEndPoint()[pri:0, instance:services.ListUsers@3773862a]" started-at="2020-06-18T23:44:05 NPT" name="setEndPoint" finished-at="2020-06-18T23:44:06 NPT" duration-ms="1336" status="PASS">
          <reporter-output>
          </reporter-output>
        </test-method> <!-- setEndPoint -->
        <test-method signature="testListUserWithValidPageNumber()[pri:0, instance:services.ListUsers@3773862a]" started-at="2020-06-18T23:44:06 NPT" name="testListUserWithValidPageNumber" finished-at="2020-06-18T23:44:08 NPT" duration-ms="1444" status="PASS">
          <reporter-output>
          </reporter-output>
        </test-method> <!-- testListUserWithValidPageNumber -->
        <test-method is-config="true" signature="removeUnnecessaryFiles()[pri:0, instance:services.ListUsers@3773862a]" started-at="2020-06-18T23:44:08 NPT" name="removeUnnecessaryFiles" finished-at="2020-06-18T23:44:08 NPT" duration-ms="122" status="PASS">
          <reporter-output>
          </reporter-output>
        </test-method> <!-- removeUnnecessaryFiles -->
      </class> <!-- services.ListUsers -->
      <class name="services.ListUser2">
        <test-method is-config="true" signature="setEndPoint()[pri:0, instance:services.ListUser2@2472c7d8]" started-at="2020-06-18T23:44:08 NPT" name="setEndPoint" finished-at="2020-06-18T23:44:08 NPT" duration-ms="2" status="PASS">
          <reporter-output>
          </reporter-output>
        </test-method> <!-- setEndPoint -->
        <test-method signature="testListUserWithValidPageNumber()[pri:0, instance:services.ListUser2@2472c7d8]" started-at="2020-06-18T23:44:08 NPT" name="testListUserWithValidPageNumber" finished-at="2020-06-18T23:44:08 NPT" duration-ms="64" status="PASS">
          <reporter-output>
          </reporter-output>
        </test-method> <!-- testListUserWithValidPageNumber -->
      </class> <!-- services.ListUser2 -->
    </test> <!-- ListUsers -->
  </suite> <!-- Rest-Assured TestNG Tests -->
</testng-results>
