-------------------------------------------------------------------------------
Test set: TestSuite
-------------------------------------------------------------------------------
Tests run: 4, Failures: 1, Errors: 0, Skipped: 0, Time elapsed: 7.665 s <<< FAILURE! - in TestSuite
testListUserWithValidPageNumber(services.ListUser2)  Time elapsed: 0.013 s  <<< FAILURE!
java.lang.NullPointerException
	at services.ListUser2.testListUserWithValidPageNumber(ListUser2.java:11)

