<?xml version="1.0" encoding="UTF-8"?>
<testsuite xmlns:xsi="http://www.w3.org/2001/XMLSchema-instance" xsi:noNamespaceSchemaLocation="https://maven.apache.org/surefire/maven-surefire-plugin/xsd/surefire-test-report.xsd" name="TestSuite" time="7.665" tests="4" errors="0" skipped="0" failures="1">
  <properties>
[...]
</properties>
  <testcase name="testListUserWithValidPageNumber" classname="services.ListUsers" time="3.408"/>
  <testcase name="testListUserWithInvalidPageNumber" classname="services.ListUsers" time="1.289"/>
  <testcase name="testListUserPageNumberAsInvalidInteger" classname="services.ListUsers" time="0.642"/>
  <testcase name="testListUserWithValidPageNumber" classname="services.ListUser2" time="0.013">
    <failure type="java.lang.NullPointerException">java.lang.NullPointerException
	at services.ListUser2.testListUserWithValidPageNumber(ListUser2.java:11)
</failure>
  </testcase>
</testsuite>