<?xml version="1.0" encoding="UTF-8"?>
<testng-results ignored="0" total="3" passed="3" failed="0" skipped="0">
  <reporter-output>
  </reporter-output>
  <suite started-at="2020-06-21T22:47:42 NPT" name="Default suite" finished-at="2020-06-21T22:47:46 NPT" duration-ms="4638">
    <groups>
    </groups>
    <test started-at="2020-06-21T22:47:42 NPT" name="Default test" finished-at="2020-06-21T22:47:46 NPT" duration-ms="4638">
      <class name="services.ListUsers">
        <test-method is-config="true" signature="setEndPoint()[pri:0, instance:services.ListUsers@988246e]" started-at="2020-06-21T22:47:42 NPT" name="setEndPoint" finished-at="2020-06-21T22:47:43 NPT" duration-ms="1046" status="PASS">
          <reporter-output>
          </reporter-output>
        </test-method> <!-- setEndPoint -->
        <test-method signature="testListUserWithValidPageNumber()[pri:0, instance:services.ListUsers@988246e]" started-at="2020-06-21T22:47:43 NPT" name="testListUserWithValidPageNumber" finished-at="2020-06-21T22:47:46 NPT" duration-ms="2865" status="PASS">
          <reporter-output>
          </reporter-output>
        </test-method> <!-- testListUserWithValidPageNumber -->
        <test-method signature="testListUserWithInvalidPageNumber()[pri:2, instance:services.ListUsers@988246e]" started-at="2020-06-21T22:47:46 NPT" name="testListUserWithInvalidPageNumber" finished-at="2020-06-21T22:47:46 NPT" duration-ms="291" status="PASS">
          <reporter-output>
          </reporter-output>
        </test-method> <!-- testListUserWithInvalidPageNumber -->
        <test-method signature="testListUserPageNumberAsInvalidInteger()[pri:3, instance:services.ListUsers@988246e]" started-at="2020-06-21T22:47:46 NPT" name="testListUserPageNumberAsInvalidInteger" finished-at="2020-06-21T22:47:46 NPT" duration-ms="264" status="PASS">
          <reporter-output>
          </reporter-output>
        </test-method> <!-- testListUserPageNumberAsInvalidInteger -->
      </class> <!-- services.ListUsers -->
    </test> <!-- Default test -->
  </suite> <!-- Default suite -->
</testng-results>
